<?xml version="1.0" encoding="UTF-8"?>
<testng-results ignored="0" total="1" passed="1" failed="0" skipped="0">
  <reporter-output>
  </reporter-output>
  <suite started-at="2018-11-09T08:47:03Z" name="Default suite" finished-at="2018-11-09T08:47:08Z" duration-ms="5560">
    <groups>
    </groups>
    <test started-at="2018-11-09T08:47:03Z" name="Default test" finished-at="2018-11-09T08:47:08Z" duration-ms="5560">
      <class name="test.UdemySanity">
        <test-method is-config="true" signature="beforeClass()[pri:0, instance:test.UdemySanity@609cd4d8]" started-at="2018-11-09T08:47:03Z" name="beforeClass" finished-at="2018-11-09T08:47:03Z" duration-ms="17" status="PASS">
          <reporter-output>
          </reporter-output>
        </test-method> <!-- beforeClass -->
        <test-method is-config="true" signature="beforeMethod()[pri:0, instance:test.UdemySanity@609cd4d8]" started-at="2018-11-09T08:47:03Z" name="beforeMethod" finished-at="2018-11-09T08:47:06Z" duration-ms="3403" status="PASS">
          <reporter-output>
          </reporter-output>
        </test-method> <!-- beforeMethod -->
        <test-method signature="testSeleniumCourses()[pri:0, instance:test.UdemySanity@609cd4d8]" started-at="2018-11-09T08:47:06Z" name="testSeleniumCourses" finished-at="2018-11-09T08:47:06Z" duration-ms="7" status="PASS">
          <reporter-output>
          </reporter-output>
        </test-method> <!-- testSeleniumCourses -->
        <test-method is-config="true" signature="afterMethod()[pri:0, instance:test.UdemySanity@609cd4d8]" started-at="2018-11-09T08:47:06Z" name="afterMethod" finished-at="2018-11-09T08:47:08Z" duration-ms="2110" status="PASS">
          <reporter-output>
          </reporter-output>
        </test-method> <!-- afterMethod -->
        <test-method is-config="true" signature="afterClass()[pri:0, instance:test.UdemySanity@609cd4d8]" started-at="2018-11-09T08:47:08Z" name="afterClass" finished-at="2018-11-09T08:47:08Z" duration-ms="0" status="PASS">
          <reporter-output>
          </reporter-output>
        </test-method> <!-- afterClass -->
      </class> <!-- test.UdemySanity -->
    </test> <!-- Default test -->
  </suite> <!-- Default suite -->
</testng-results>
